[debug] [2025-07-01T16:35:37.689Z] ----------------------------------------------------------------------
[debug] [2025-07-01T16:35:37.694Z] Command:       C:\Program Files\nodejs\node.exe C:\Users\2153940\AppData\Roaming\npm\node_modules\firebase-tools\lib\bin\firebase.js init --debug
[debug] [2025-07-01T16:35:37.694Z] CLI Version:   14.9.0
[debug] [2025-07-01T16:35:37.695Z] Platform:      win32
[debug] [2025-07-01T16:35:37.695Z] Node Version:  v22.9.0
[debug] [2025-07-01T16:35:37.696Z] Time:          Tue Jul 01 2025 22:05:37 GMT+0530 (India Standard Time)
[debug] [2025-07-01T16:35:37.696Z] ----------------------------------------------------------------------
[debug] 
[debug] [2025-07-01T16:35:37.709Z] > command requires scopes: ["email","openid","https://www.googleapis.com/auth/cloudplatformprojects.readonly","https://www.googleapis.com/auth/firebase","https://www.googleapis.com/auth/cloud-platform"]
[debug] [2025-07-01T16:35:37.711Z] > authorizing via signed-in user (satyasharma2964@gmail.com)
[info] 
     ######## #### ########  ######## ########     ###     ######  ########
     ##        ##  ##     ## ##       ##     ##  ##   ##  ##       ##
     ######    ##  ########  ######   ########  #########  ######  ######
     ##        ##  ##    ##  ##       ##     ## ##     ##       ## ##
     ##       #### ##     ## ######## ########  ##     ##  ######  ########

You're about to initialize a Firebase project in this directory:

  C:\Users\2153940\OneDrive - Cognizant\Desktop\React\ombd-movie

[debug] [2025-07-01T16:38:50.164Z] ExitPromptError: User force closed the prompt with SIGINT
    at Interface.sigint (C:\Users\2153940\AppData\Roaming\npm\node_modules\firebase-tools\node_modules\@inquirer\core\dist\commonjs\lib\create-prompt.js:101:37)
    at Interface.emit (node:events:519:28)
    at Interface.emit (node:domain:488:12)
    at [_ttyWrite] [as _ttyWrite] (node:internal/readline/interface:1124:18)
    at ReadStream.onkeypress (node:internal/readline/interface:263:20)
    at ReadStream.emit (node:events:531:35)
    at ReadStream.emit (node:domain:488:12)
    at emitKeys (node:internal/readline/utils:370:14)
    at emitKeys.next (<anonymous>)
    at ReadStream.onData (node:internal/readline/emitKeypressEvents:64:36)
[error] 
[error] Error: An unexpected error has occurred.
